d:\sheridan\semester6\gameengineering\sdllevels\x64\debug\vc143.pdb
d:\sheridan\semester6\gameengineering\sdllevels\x64\debug\vc143.idb
d:\sheridan\semester6\gameengineering\sdllevels\x64\debug\unit.obj
d:\sheridan\semester6\gameengineering\sdllevels\x64\debug\ttfont.obj
d:\sheridan\semester6\gameengineering\sdllevels\x64\debug\timing.obj
d:\sheridan\semester6\gameengineering\sdllevels\x64\debug\tgareader.obj
d:\sheridan\semester6\gameengineering\sdllevels\x64\debug\texture.obj
d:\sheridan\semester6\gameengineering\sdllevels\x64\debug\stackallocator.obj
d:\sheridan\semester6\gameengineering\sdllevels\x64\debug\spritesheet.obj
d:\sheridan\semester6\gameengineering\sdllevels\x64\debug\spriteanim.obj
d:\sheridan\semester6\gameengineering\sdllevels\x64\debug\soundeffect.obj
d:\sheridan\semester6\gameengineering\sdllevels\x64\debug\sdllevels.obj
d:\sheridan\semester6\gameengineering\sdllevels\x64\debug\resource.obj
d:\sheridan\semester6\gameengineering\sdllevels\x64\debug\renderer.obj
d:\sheridan\semester6\gameengineering\sdllevels\x64\debug\main.obj
d:\sheridan\semester6\gameengineering\sdllevels\x64\debug\gamecontroller.obj
d:\sheridan\semester6\gameengineering\sdllevels\x64\debug\filecontroller.obj
d:\sheridan\semester6\gameengineering\sdllevels\x64\debug\assetcontroller.obj
d:\sheridan\semester6\gameengineering\sdllevels\x64\debug\asset.obj
d:\sheridan\semester6\gameengineering\sdllevels\x64\debug\level2.obj
d:\sheridan\semester6\gameengineering\sdllevels\x64\debug\level1.obj
d:\sheridan\semester6\gameengineering\sdllevels\x64\debug\level.obj
d:\sheridan\semester6\gameengineering\sdllevels\x64\debug\warrior.obj
d:\sheridan\semester6\gameengineering\sdllevels\x64\debug\sdllevels.exe
d:\sheridan\semester6\gameengineering\sdllevels\x64\debug\sdllevels.ilk
d:\sheridan\semester6\gameengineering\sdllevels\x64\debug\sdllevels.pdb
d:\sheridan\semester6\gameengineering\sdllevels\x64\debug\sdllevels.tlog\cl.command.1.tlog
d:\sheridan\semester6\gameengineering\sdllevels\x64\debug\sdllevels.tlog\cl.read.1.tlog
d:\sheridan\semester6\gameengineering\sdllevels\x64\debug\sdllevels.tlog\cl.write.1.tlog
d:\sheridan\semester6\gameengineering\sdllevels\x64\debug\sdllevels.tlog\link.command.1.tlog
d:\sheridan\semester6\gameengineering\sdllevels\x64\debug\sdllevels.tlog\link.read.1.tlog
d:\sheridan\semester6\gameengineering\sdllevels\x64\debug\sdllevels.tlog\link.write.1.tlog
