c:\sheridan\thirdyear\semester6\gameengineering\midterm\gameengmidtermsdllevels\sdllevels\x64\debug\vc143.pdb
c:\sheridan\thirdyear\semester6\gameengineering\midterm\gameengmidtermsdllevels\sdllevels\x64\debug\vc143.idb
c:\sheridan\thirdyear\semester6\gameengineering\midterm\gameengmidtermsdllevels\sdllevels\x64\debug\warrior.obj
c:\sheridan\thirdyear\semester6\gameengineering\midterm\gameengmidtermsdllevels\sdllevels\x64\debug\unit.obj
c:\sheridan\thirdyear\semester6\gameengineering\midterm\gameengmidtermsdllevels\sdllevels\x64\debug\ttfont.obj
c:\sheridan\thirdyear\semester6\gameengineering\midterm\gameengmidtermsdllevels\sdllevels\x64\debug\timing.obj
c:\sheridan\thirdyear\semester6\gameengineering\midterm\gameengmidtermsdllevels\sdllevels\x64\debug\tgareader.obj
c:\sheridan\thirdyear\semester6\gameengineering\midterm\gameengmidtermsdllevels\sdllevels\x64\debug\texture.obj
c:\sheridan\thirdyear\semester6\gameengineering\midterm\gameengmidtermsdllevels\sdllevels\x64\debug\stackallocator.obj
c:\sheridan\thirdyear\semester6\gameengineering\midterm\gameengmidtermsdllevels\sdllevels\x64\debug\spritesheet.obj
c:\sheridan\thirdyear\semester6\gameengineering\midterm\gameengmidtermsdllevels\sdllevels\x64\debug\spriteanim.obj
c:\sheridan\thirdyear\semester6\gameengineering\midterm\gameengmidtermsdllevels\sdllevels\x64\debug\soundeffect.obj
c:\sheridan\thirdyear\semester6\gameengineering\midterm\gameengmidtermsdllevels\sdllevels\x64\debug\sdllevels.obj
c:\sheridan\thirdyear\semester6\gameengineering\midterm\gameengmidtermsdllevels\sdllevels\x64\debug\resource.obj
c:\sheridan\thirdyear\semester6\gameengineering\midterm\gameengmidtermsdllevels\sdllevels\x64\debug\renderer.obj
c:\sheridan\thirdyear\semester6\gameengineering\midterm\gameengmidtermsdllevels\sdllevels\x64\debug\level2.obj
c:\sheridan\thirdyear\semester6\gameengineering\midterm\gameengmidtermsdllevels\sdllevels\x64\debug\level1.obj
c:\sheridan\thirdyear\semester6\gameengineering\midterm\gameengmidtermsdllevels\sdllevels\x64\debug\level.obj
c:\sheridan\thirdyear\semester6\gameengineering\midterm\gameengmidtermsdllevels\sdllevels\x64\debug\gamecontroller.obj
c:\sheridan\thirdyear\semester6\gameengineering\midterm\gameengmidtermsdllevels\sdllevels\x64\debug\filecontroller.obj
c:\sheridan\thirdyear\semester6\gameengineering\midterm\gameengmidtermsdllevels\sdllevels\x64\debug\assetcontroller.obj
c:\sheridan\thirdyear\semester6\gameengineering\midterm\gameengmidtermsdllevels\sdllevels\x64\debug\asset.obj
c:\sheridan\thirdyear\semester6\gameengineering\midterm\gameengmidtermsdllevels\x64\debug\sdllevels.exe
c:\sheridan\thirdyear\semester6\gameengineering\midterm\gameengmidtermsdllevels\x64\debug\sdllevels.pdb
c:\sheridan\thirdyear\semester6\gameengineering\midterm\gameengmidtermsdllevels\sdllevels\x64\debug\sdllevels.ilk
c:\sheridan\thirdyear\semester6\gameengineering\midterm\gameengmidtermsdllevels\sdllevels\x64\debug\sdllevels.tlog\cl.command.1.tlog
c:\sheridan\thirdyear\semester6\gameengineering\midterm\gameengmidtermsdllevels\sdllevels\x64\debug\sdllevels.tlog\cl.items.tlog
c:\sheridan\thirdyear\semester6\gameengineering\midterm\gameengmidtermsdllevels\sdllevels\x64\debug\sdllevels.tlog\cl.read.1.tlog
c:\sheridan\thirdyear\semester6\gameengineering\midterm\gameengmidtermsdllevels\sdllevels\x64\debug\sdllevels.tlog\cl.write.1.tlog
c:\sheridan\thirdyear\semester6\gameengineering\midterm\gameengmidtermsdllevels\sdllevels\x64\debug\sdllevels.tlog\link.command.1.tlog
c:\sheridan\thirdyear\semester6\gameengineering\midterm\gameengmidtermsdllevels\sdllevels\x64\debug\sdllevels.tlog\link.read.1.tlog
c:\sheridan\thirdyear\semester6\gameengineering\midterm\gameengmidtermsdllevels\sdllevels\x64\debug\sdllevels.tlog\link.secondary.1.tlog
c:\sheridan\thirdyear\semester6\gameengineering\midterm\gameengmidtermsdllevels\sdllevels\x64\debug\sdllevels.tlog\link.write.1.tlog
